[DEBUG][Qt] 10.07.2024 16:51:42 [] (unknown:0) - Session start time .......: 20240710_165142
[DEBUG][Qt] 10.07.2024 16:51:42 [] (unknown:0) - Slicer version ...........: 5.6.1 (revision 32438 / 117ce5f) win-amd64 - installed release
[DEBUG][Qt] 10.07.2024 16:51:43 [] (unknown:0) - Operating system .........: Windows /  Professional / (Build 19045, Code Page 65001) - 64-bit
[DEBUG][Qt] 10.07.2024 16:51:43 [] (unknown:0) - Memory ...................: 16289 MB physical, 37427 MB virtual
[DEBUG][Qt] 10.07.2024 16:51:43 [] (unknown:0) - CPU ......................: AuthenticAMD AMD Ryzen 5 5600X 6-Core Processor             , 12 cores, 12 logical processors
[DEBUG][Qt] 10.07.2024 16:51:43 [] (unknown:0) - VTK configuration ........: OpenGL2 rendering, TBB threading
[DEBUG][Qt] 10.07.2024 16:51:43 [] (unknown:0) - Qt configuration .........: version 5.15.2, with SSL, requested OpenGL 3.2 (compatibility profile)
[DEBUG][Qt] 10.07.2024 16:51:43 [] (unknown:0) - Internationalization .....: disabled, language=
[DEBUG][Qt] 10.07.2024 16:51:43 [] (unknown:0) - Developer mode ...........: enabled
[DEBUG][Qt] 10.07.2024 16:51:43 [] (unknown:0) - Application path .........: C:/Users/Javito/AppData/Local/slicer.org/Slicer 5.6.1/bin
[DEBUG][Qt] 10.07.2024 16:51:43 [] (unknown:0) - Additional module paths ..: C:/Users/Javito/TFG/Updated TFG, C:/Users/Javito/TFG/TFG-2.0/Slicer Module\RegistratioProtontherapy\ElasticRegistration, C:/Users/Javito/TFG/TFG-2.0/Slicer Module
[DEBUG][Python] 10.07.2024 16:51:47 [Python] (C:\Users\Javito\AppData\Local\slicer.org\Slicer 5.6.1\lib\Python\Lib\site-packages\matplotlib\__init__.py:369) - matplotlib data path: C:\Users\Javito\AppData\Local\slicer.org\Slicer 5.6.1\lib\Python\Lib\site-packages\matplotlib\mpl-data
[DEBUG][Python] 10.07.2024 16:51:47 [Python] (C:\Users\Javito\AppData\Local\slicer.org\Slicer 5.6.1\lib\Python\Lib\site-packages\matplotlib\__init__.py:369) - CONFIGDIR=C:\Users\Javito\.matplotlib
[DEBUG][Python] 10.07.2024 16:51:47 [Python] (C:\Users\Javito\AppData\Local\slicer.org\Slicer 5.6.1\lib\Python\Lib\site-packages\matplotlib\__init__.py:1537) - interactive is False
[DEBUG][Python] 10.07.2024 16:51:47 [Python] (C:\Users\Javito\AppData\Local\slicer.org\Slicer 5.6.1\lib\Python\Lib\site-packages\matplotlib\__init__.py:1538) - platform is win32
[DEBUG][Python] 10.07.2024 16:51:47 [Python] (C:\Users\Javito\AppData\Local\slicer.org\Slicer 5.6.1\lib\Python\Lib\site-packages\matplotlib\__init__.py:369) - CACHEDIR=C:\Users\Javito\.matplotlib
[DEBUG][Python] 10.07.2024 16:51:47 [Python] (C:\Users\Javito\AppData\Local\slicer.org\Slicer 5.6.1\lib\Python\Lib\site-packages\matplotlib\font_manager.py:1577) - Using fontManager instance from C:\Users\Javito\.matplotlib\fontlist-v390.json
[CRITICAL][Stream] 10.07.2024 16:51:47 [] (unknown:0) - RuntimeError: qSlicerScriptedLoadableModule::setPythonSource - Failed to load scripted loadable module: class Pseudo_CT_Plan_CT_RegistrationModule was not found in file C:/Users/Javito/TFG/Updated TFG/Pseudo_CT_Plan_CT_RegistrationModule.py
[CRITICAL][Qt] 10.07.2024 16:51:47 [] (unknown:0) - Fail to instantiate module  "Pseudo_CT_Plan_CT_RegistrationModule"
[CRITICAL][Qt] 10.07.2024 16:51:47 [] (unknown:0) - The following modules failed to be instantiated:
[CRITICAL][Qt] 10.07.2024 16:51:47 [] (unknown:0) -    Pseudo_CT_Plan_CT_RegistrationModule
[DEBUG][Python] 10.07.2024 16:51:48 [Python] (C:\Users\Javito\AppData\Local\slicer.org\Slicer 5.6.1\lib\Slicer-5.6\qt-scripted-modules\SubjectHierarchyPlugins\AbstractScriptedSubjectHierarchyPlugin.py:39) - Scripted subject hierarchy plugin registered: SegmentEditor
[DEBUG][Python] 10.07.2024 16:51:48 [Python] (C:\Users\Javito\AppData\Local\slicer.org\Slicer 5.6.1\lib\Slicer-5.6\qt-scripted-modules\SubjectHierarchyPlugins\AbstractScriptedSubjectHierarchyPlugin.py:39) - Scripted subject hierarchy plugin registered: SegmentStatistics
[DEBUG][Qt] 10.07.2024 16:51:48 [] (unknown:0) - Switch to module:  "Welcome"
[DEBUG][Qt] 10.07.2024 16:52:43 [] (unknown:0) - "Volume" Reader has successfully read the file "Z:/MATERIA_OSCURA/PROYECTOS_INVESTIGACION/ADAPT-AI_Protonterapia/003_NIFTI/001_PAIRED_CT_INITIAL_AND_PSEUDO_CT/datos_semanales_nifti/sub-ADAPTAI-054/pair_002/CBCT/050_CBCT.nii" "[3.14s]"
[DEBUG][Qt] 10.07.2024 16:53:06 [] (unknown:0) - "Volume" Reader has successfully read the file "Z:/MATERIA_OSCURA/PROYECTOS_INVESTIGACION/ADAPT-AI_Protonterapia/003_NIFTI/001_PAIRED_CT_INITIAL_AND_PSEUDO_CT/datos_semanales_nifti/sub-ADAPTAI-054/pair_002/CT/050_CT.nii" "[2.10s]"
[DEBUG][Qt] 10.07.2024 16:53:16 [] (unknown:0) - "Volume" Reader has successfully read the file "Z:/MATERIA_OSCURA/PROYECTOS_INVESTIGACION/ADAPT-AI_Protonterapia/003_NIFTI/001_PAIRED_CT_INITIAL_AND_PSEUDO_CT/datos_semanales_nifti/sub-ADAPTAI-054/pair_003/CBCT/050_CBCT.nii" "[3.08s]"
[DEBUG][Qt] 10.07.2024 16:53:35 [] (unknown:0) - "Volume" Reader has successfully read the file "Z:/MATERIA_OSCURA/PROYECTOS_INVESTIGACION/ADAPT-AI_Protonterapia/003_NIFTI/001_PAIRED_CT_INITIAL_AND_PSEUDO_CT/datos_semanales_nifti/sub-ADAPTAI-058/pair_002/CT/054_CT.nii" "[2.42s]"
[DEBUG][Qt] 10.07.2024 16:53:44 [] (unknown:0) - "Volume" Reader has successfully read the file "Z:/MATERIA_OSCURA/PROYECTOS_INVESTIGACION/ADAPT-AI_Protonterapia/003_NIFTI/001_PAIRED_CT_INITIAL_AND_PSEUDO_CT/datos_semanales_nifti/sub-ADAPTAI-058/pair_002/CBCT/054_CBCT.nii" "[3.42s]"
[DEBUG][Qt] 10.07.2024 16:55:15 [] (unknown:0) - Switch to module:  "Volumes"
[DEBUG][Qt] 10.07.2024 16:55:52 [] (unknown:0) - "Volume" Reader has successfully read the file "Z:/MATERIA_OSCURA/PROYECTOS_INVESTIGACION/ADAPT-AI_Protonterapia/003_NIFTI/001_PAIRED_CT_INITIAL_AND_PSEUDO_CT/datos_semanales_nifti/sub-ADAPTAI-059/pair_000/CBCT/055_CBCT.nii" "[3.18s]"
[DEBUG][Qt] 10.07.2024 16:56:09 [] (unknown:0) - "Volume" Reader has successfully read the file "Z:/MATERIA_OSCURA/PROYECTOS_INVESTIGACION/ADAPT-AI_Protonterapia/003_NIFTI/001_PAIRED_CT_INITIAL_AND_PSEUDO_CT/datos_semanales_nifti/sub-ADAPTAI-053/pair_004/CBCT/049_CBCT.nii" "[3.35s]"
[DEBUG][Qt] 10.07.2024 16:59:35 [] (unknown:0) - "Volume" Reader has successfully read the file "Z:/MATERIA_OSCURA/PROYECTOS_INVESTIGACION/ADAPT-AI_Protonterapia/003_NIFTI/001_PAIRED_CT_INITIAL_AND_PSEUDO_CT/datos_semanales_nifti/sub-ADAPTAI-053/pair_004/CT/049_CT.nii" "[1.36s]"
[DEBUG][Qt] 10.07.2024 17:00:02 [] (unknown:0) - "Volume" Reader has successfully read the file "Z:/MATERIA_OSCURA/PROYECTOS_INVESTIGACION/ADAPT-AI_Protonterapia/003_NIFTI/001_PAIRED_CT_INITIAL_AND_PSEUDO_CT/datos_semanales_nifti/sub-ADAPTAI-054/pair_003/CBCT/050_CBCT.nii" "[0.53s]"
[DEBUG][Qt] 10.07.2024 17:04:29 [] (unknown:0) - "Volume" Reader has successfully read the file "Z:/MATERIA_OSCURA/PROYECTOS_INVESTIGACION/ADAPT-AI_Protonterapia/003_NIFTI/001_PAIRED_CT_INITIAL_AND_PSEUDO_CT/sub-ADAPTAI-056_pair_001/sub-ADAPTAI-056_pair_001_CT_synthesized.nii" "[2.89s]"
[DEBUG][Qt] 10.07.2024 17:05:05 [] (unknown:0) - "Volume" Reader has successfully read the file "Z:/MATERIA_OSCURA/PROYECTOS_INVESTIGACION/ADAPT-AI_Protonterapia/003_NIFTI/001_PAIRED_CT_INITIAL_AND_PSEUDO_CT/datos_semanales_nifti/sub-ADAPTAI-056/pair_001/CBCT/052_CBCT.nii" "[3.08s]"
[DEBUG][Qt] 10.07.2024 17:06:04 [] (unknown:0) - "Volume" Reader has successfully read the file "Z:/MATERIA_OSCURA/PROYECTOS_INVESTIGACION/ADAPT-AI_Protonterapia/003_NIFTI/001_PAIRED_CT_INITIAL_AND_PSEUDO_CT/datos_semanales_nifti/sub-ADAPTAI-056/pair_001/CBCT/052_CBCT.nii" "[0.54s]"
[WARNING][Qt] 10.07.2024 17:06:20 [] (unknown:0) - ctkDoubleRangeSlider::setSingleStep( 10 ) is outside of valid bounds.
[WARNING][Qt] 10.07.2024 17:06:20 [] (unknown:0) - ctkRangeWidget::setSingleStep( 10 ) is outside valid bounds
[WARNING][Qt] 10.07.2024 17:06:45 [] (unknown:0) - ctkDoubleRangeSlider::setSingleStep( 10 ) is outside of valid bounds.
[WARNING][Qt] 10.07.2024 17:06:45 [] (unknown:0) - ctkRangeWidget::setSingleStep( 10 ) is outside valid bounds
[DEBUG][Qt] 11.07.2024 00:52:07 [] (unknown:0) - Switch to module:  ""
